Arguments: 
  /Users/nheller/.nvm/versions/node/v8.15.0/bin/node /usr/local/Cellar/yarn/1.15.2/libexec/bin/yarn.js add bcryptjs body-parser express gravatar jsonwebtoken mongoose passport passport-jwt validator

PATH: 
  /Users/nheller/google-cloud-sdk/bin:/Users/nheller/.nvm/versions/node/v8.15.0/bin:/usr/local/bin:/usr/bin:/bin:/usr/sbin:/sbin:/usr/local/go/bin

Yarn version: 
  1.15.2

Node version: 
  8.15.0

Platform: 
  darwin x64

Trace: 
  Error: http://npm.aws.cbtnuggets.com/bcryptjs: ETIMEDOUT
      at Timeout._onTimeout (/usr/local/Cellar/yarn/1.15.2/libexec/lib/cli.js:130201:19)
      at ontimeout (timers.js:498:11)
      at tryOnTimeout (timers.js:323:5)
      at Timer.listOnTimeout (timers.js:290:5)

npm manifest: 
  {
    "name": "backend",
    "version": "1.0.0",
    "main": "app.js",
    "license": "MIT"
  }

yarn manifest: 
  No manifest

Lockfile: 
  No lockfile
